Vivado Simulator 2018.2
Copyright 1986-1999, 2001-2018 Xilinx, Inc. All Rights Reserved.
Running: C:/Xilinx/Vivado/2018.2/bin/unwrapped/win64.o/xelab.exe -wto 8e9bf36e7be546308bc1b5bdc63fbee2 --incr --debug typical --relax --mt 2 -L xbip_utils_v3_0_9 -L c_reg_fd_v12_0_5 -L xbip_dsp48_wrapper_v3_0_4 -L xbip_pipe_v3_0_5 -L xbip_dsp48_addsub_v3_0_5 -L xbip_addsub_v3_0_5 -L c_addsub_v12_0_12 -L xil_defaultlib -L c_gate_bit_v12_0_5 -L xbip_counter_v3_0_5 -L c_counter_binary_v12_0_12 -L secureip -L xpm --snapshot Nanoprocessor_tb_behav xil_defaultlib.Nanoprocessor_tb -log elaborate.log 
Using 2 slave threads.
Starting static elaboration
Completed static elaboration
Starting simulation data flow analysis
Completed simulation data flow analysis
Time Resolution for simulation is 1ps
Compiling package std.standard
Compiling package std.textio
Compiling package ieee.std_logic_1164
Compiling package ieee.numeric_std
Compiling package c_counter_binary_v12_0_12.c_counter_binary_v12_0_12_viv_co...
Compiling package xbip_utils_v3_0_9.xbip_utils_v3_0_9_pkg
Compiling package xbip_counter_v3_0_5.xbip_counter_v3_0_5_viv_comp
Compiling package ieee.std_logic_arith
Compiling package ieee.std_logic_unsigned
Compiling package xbip_counter_v3_0_5.xbip_counter_v3_0_5_pkg
Compiling package c_counter_binary_v12_0_12.c_counter_binary_v12_0_12_pkg
Compiling package xbip_pipe_v3_0_5.xbip_pipe_v3_0_5_viv_comp
Compiling package c_gate_bit_v12_0_5.c_gate_bit_v12_0_5_viv_comp
Compiling package xbip_counter_v3_0_5.xbip_counter_v3_0_5_hdl_comps
Compiling package xbip_dsp48_wrapper_v3_0_4.xbip_dsp48_wrapper_v3_0_4_pkg
Compiling package unisim.vcomponents
Compiling package ieee.std_logic_signed
Compiling package ieee.vital_timing
Compiling package ieee.vital_primitives
Compiling package unisim.vpkg
Compiling package c_addsub_v12_0_12.c_addsub_v12_0_12_viv_comp
Compiling package xbip_addsub_v3_0_5.xbip_addsub_v3_0_5_viv_comp
Compiling package c_addsub_v12_0_12.c_addsub_v12_0_12_pkg
Compiling package c_addsub_v12_0_12.c_addsub_v12_0_12_pkg_legacy
Compiling package xbip_dsp48_addsub_v3_0_5.xbip_dsp48_addsub_v3_0_5_viv_com...
Compiling package xbip_dsp48_addsub_v3_0_5.xbip_dsp48_addsub_v3_0_5_pkg
Compiling architecture synth of entity xbip_pipe_v3_0_5.xbip_pipe_v3_0_5_viv [\xbip_pipe_v3_0_5_viv(c_has_ce=1...]
Compiling architecture dsp48e1_v of entity unisim.DSP48E1 [\DSP48E1(acascreg=0,adreg=0,alum...]
Compiling architecture synth of entity xbip_dsp48_wrapper_v3_0_4.xbip_dsp48e1_wrapper_v3_0 [\xbip_dsp48e1_wrapper_v3_0(preg=...]
Compiling architecture synth of entity xbip_pipe_v3_0_5.xbip_pipe_v3_0_5_viv [\xbip_pipe_v3_0_5_viv(c_has_ce=1...]
Compiling architecture synth of entity xbip_counter_v3_0_5.dsp48_counter [\dsp48_counter(c_xdevicefamily="...]
Compiling architecture synth of entity xbip_counter_v3_0_5.xbip_counter_v3_0_5_viv [\xbip_counter_v3_0_5_viv(c_xdevi...]
Compiling architecture synth of entity c_counter_binary_v12_0_12.c_counter_binary_v12_0_12_viv [\c_counter_binary_v12_0_12_viv(c...]
Compiling architecture xilinx of entity c_counter_binary_v12_0_12.c_counter_binary_v12_0_12 [\c_counter_binary_v12_0_12(c_imp...]
Compiling architecture c_counter_binary_0_arch of entity xil_defaultlib.c_counter_binary_0 [c_counter_binary_0_default]
Compiling architecture behavioral of entity xil_defaultlib.Program_Counter [program_counter_default]
Compiling architecture behavioral of entity xil_defaultlib.Program_ROM [program_rom_default]
Compiling architecture behavioral of entity xil_defaultlib.Instruction_Decoder [instruction_decoder_default]
Compiling architecture behavioral of entity xil_defaultlib.Register_Bank [register_bank_default]
Compiling architecture dsp48e1_v of entity unisim.DSP48E1 [\DSP48E1(acascreg=0,adreg=0,alum...]
Compiling architecture synth of entity xbip_dsp48_wrapper_v3_0_4.xbip_dsp48e1_wrapper_v3_0 [\xbip_dsp48e1_wrapper_v3_0(acasc...]
Compiling architecture synth of entity xbip_dsp48_addsub_v3_0_5.xbip_dsp48_addsub_synth [\xbip_dsp48_addsub_synth(c_xdevi...]
Compiling architecture synth of entity xbip_dsp48_addsub_v3_0_5.xbip_dsp48_addsub_v3_0_5_viv [\xbip_dsp48_addsub_v3_0_5_viv(c_...]
Compiling architecture synth of entity xbip_addsub_v3_0_5.xbip_addsub_v3_0_5_viv [\xbip_addsub_v3_0_5_viv(c_xdevic...]
Compiling architecture synth of entity xbip_pipe_v3_0_5.xbip_pipe_v3_0_5_viv [\xbip_pipe_v3_0_5_viv(c_has_ce=1...]
Compiling architecture synth of entity c_addsub_v12_0_12.c_addsub_v12_0_12_viv [\c_addsub_v12_0_12_viv(c_xdevice...]
Compiling architecture xilinx of entity c_addsub_v12_0_12.c_addsub_v12_0_12 [\c_addsub_v12_0_12(c_xdevicefami...]
Compiling architecture c_addsub_0_arch of entity xil_defaultlib.c_addsub_0 [c_addsub_0_default]
Compiling architecture behavioral of entity xil_defaultlib.Add_Sub_Unit [add_sub_unit_default]
Compiling architecture behavioral of entity xil_defaultlib.Even_Odd [even_odd_default]
Compiling architecture behavioral of entity xil_defaultlib.Comp [comp_default]
Compiling architecture behavioral of entity xil_defaultlib.Multiplier_6bit [multiplier_6bit_default]
Compiling architecture behavioral of entity xil_defaultlib.Divider_12bit [divider_12bit_default]
Compiling architecture behavioral of entity xil_defaultlib.Nanoprocessor [nanoprocessor_default]
Compiling architecture behavioral of entity xil_defaultlib.nanoprocessor_tb
Built simulation snapshot Nanoprocessor_tb_behav
