#-----------------------------------------------------------
# Vivado v2018.2 (64-bit)
# SW Build 2258646 on Thu Jun 14 20:03:12 MDT 2018
# IP Build 2256618 on Thu Jun 14 22:10:49 MDT 2018
# Start of session at: Wed May 14 22:51:49 2025
# Process ID: 30684
# Current directory: C:/Users/janit/OneDrive/Desktop/Vivado/Nanoprocessor - Advance1
# Command line: vivado.exe -gui_launcher_event rodinguilauncherevent7684 C:\Users\janit\OneDrive\Desktop\Vivado\Nanoprocessor - Advance1\Nanoprocessor.xpr
# Log file: C:/Users/janit/OneDrive/Desktop/Vivado/Nanoprocessor - Advance1/vivado.log
# Journal file: C:/Users/janit/OneDrive/Desktop/Vivado/Nanoprocessor - Advance1\vivado.jou
#-----------------------------------------------------------
start_gui
open_project {C:/Users/janit/OneDrive/Desktop/Vivado/Nanoprocessor - Advance1/Nanoprocessor.xpr}
INFO: [Project 1-313] Project file moved from 'C:/Users/janit/OneDrive/Desktop/Vivado/Nanoprocessor' since last save.
Scanning sources...
Finished scanning sources
INFO: [IP_Flow 19-234] Refreshing IP repositories
INFO: [IP_Flow 19-1704] No user IP repositories specified
INFO: [IP_Flow 19-2313] Loaded Vivado IP repository 'C:/Xilinx/Vivado/2018.2/data/ip'.
open_project: Time (s): cpu = 00:00:11 ; elapsed = 00:00:07 . Memory (MB): peak = 910.238 ; gain = 145.688
update_compile_order -fileset sources_1
update_compile_order -fileset sources_1
export_ip_user_files -of_objects  [get_files {{C:/Users/janit/OneDrive/Desktop/Vivado/Nanoprocessor - Advance1/Nanoprocessor.srcs/sources_1/new/Register_4bit.vhd}}] -no_script -reset -force -quiet
export_ip_user_files -of_objects  [get_files {{C:/Users/janit/OneDrive/Desktop/Vivado/Nanoprocessor - Advance1/Nanoprocessor.srcs/sources_1/new/Decoder_2_to_4.vhd}}] -no_script -reset -force -quiet
export_ip_user_files -of_objects  [get_files {{C:/Users/janit/OneDrive/Desktop/Vivado/Nanoprocessor - Advance1/Nanoprocessor.srcs/sources_1/new/Decoder_3_to_8.vhd}}] -no_script -reset -force -quiet
remove_files  {{C:/Users/janit/OneDrive/Desktop/Vivado/Nanoprocessor - Advance1/Nanoprocessor.srcs/sources_1/new/Register_4bit.vhd} {C:/Users/janit/OneDrive/Desktop/Vivado/Nanoprocessor - Advance1/Nanoprocessor.srcs/sources_1/new/Decoder_2_to_4.vhd} {C:/Users/janit/OneDrive/Desktop/Vivado/Nanoprocessor - Advance1/Nanoprocessor.srcs/sources_1/new/Decoder_3_to_8.vhd}}
update_compile_order -fileset sources_1
export_ip_user_files -of_objects  [get_files {{C:/Users/janit/OneDrive/Desktop/Vivado/Nanoprocessor - Advance1/Nanoprocessor.srcs/sources_1/new/Adder_3bit.vhd}}] -no_script -reset -force -quiet
export_ip_user_files -of_objects  [get_files {{C:/Users/janit/OneDrive/Desktop/Vivado/Nanoprocessor - Advance1/Nanoprocessor.srcs/sources_1/new/Mux_2way_3bit.vhd}}] -no_script -reset -force -quiet
export_ip_user_files -of_objects  [get_files {{C:/Users/janit/OneDrive/Desktop/Vivado/Nanoprocessor - Advance1/Nanoprocessor.srcs/sources_1/new/Mux_2way_4bit.vhd}}] -no_script -reset -force -quiet
remove_files  {{C:/Users/janit/OneDrive/Desktop/Vivado/Nanoprocessor - Advance1/Nanoprocessor.srcs/sources_1/new/Adder_3bit.vhd} {C:/Users/janit/OneDrive/Desktop/Vivado/Nanoprocessor - Advance1/Nanoprocessor.srcs/sources_1/new/Mux_2way_3bit.vhd} {C:/Users/janit/OneDrive/Desktop/Vivado/Nanoprocessor - Advance1/Nanoprocessor.srcs/sources_1/new/Mux_2way_4bit.vhd}}
reset_run synth_1
launch_runs synth_1 -jobs 8
[Wed May 14 22:56:02 2025] Launched synth_1...
Run output will be captured here: C:/Users/janit/OneDrive/Desktop/Vivado/Nanoprocessor - Advance1/Nanoprocessor.runs/synth_1/runme.log
open_run synth_1 -name synth_1
Design is defaulting to impl run constrset: constrs_1
Design is defaulting to synth run part: xc7a35tcpg236-1
INFO: [Netlist 29-17] Analyzing 10 Unisim elements for replacement
INFO: [Netlist 29-28] Unisim Transformation completed in 0 CPU seconds
INFO: [Project 1-479] Netlist was created with Vivado 2018.2
INFO: [Device 21-403] Loading part xc7a35tcpg236-1
INFO: [Project 1-570] Preparing netlist for logic optimization
Parsing XDC File [C:/Users/janit/OneDrive/Desktop/Vivado/Nanoprocessor - Advance1/Nanoprocessor.srcs/constrs_1/new/Basys3Labs.xdc]
Finished Parsing XDC File [C:/Users/janit/OneDrive/Desktop/Vivado/Nanoprocessor - Advance1/Nanoprocessor.srcs/constrs_1/new/Basys3Labs.xdc]
INFO: [Opt 31-138] Pushed 0 inverter(s) to 0 load pin(s).
INFO: [Project 1-111] Unisim Transformation Summary:
No Unisim elements were transformed.

open_run: Time (s): cpu = 00:00:21 ; elapsed = 00:00:13 . Memory (MB): peak = 1440.066 ; gain = 474.426
report_utilization -name utilization_1
report_utilization: Time (s): cpu = 00:00:10 ; elapsed = 00:00:02 . Memory (MB): peak = 1440.066 ; gain = 0.000
close_project
open_project {C:/Users/janit/OneDrive/Desktop/Vivado/Nanoprocessor - Advance2/Nanoprocessor.xpr}
INFO: [Project 1-313] Project file moved from 'C:/Users/janit/OneDrive/Desktop/Vivado/Nanoprocessor -  Advance' since last save.
Scanning sources...
Finished scanning sources
INFO: [IP_Flow 19-234] Refreshing IP repositories
INFO: [IP_Flow 19-1704] No user IP repositories specified
INFO: [IP_Flow 19-2313] Loaded Vivado IP repository 'C:/Xilinx/Vivado/2018.2/data/ip'.
update_compile_order -fileset sources_1
open_run synth_1 -name synth_1
Design is defaulting to impl run constrset: constrs_1
Design is defaulting to synth run part: xc7a35tcpg236-1
INFO: [Netlist 29-17] Analyzing 10 Unisim elements for replacement
INFO: [Netlist 29-28] Unisim Transformation completed in 0 CPU seconds
INFO: [Project 1-479] Netlist was created with Vivado 2018.2
INFO: [Project 1-570] Preparing netlist for logic optimization
Parsing XDC File [C:/Users/janit/OneDrive/Desktop/Vivado/Nanoprocessor - Advance2/Nanoprocessor.srcs/constrs_1/new/Basys3Labs.xdc]
Finished Parsing XDC File [C:/Users/janit/OneDrive/Desktop/Vivado/Nanoprocessor - Advance2/Nanoprocessor.srcs/constrs_1/new/Basys3Labs.xdc]
INFO: [Opt 31-138] Pushed 0 inverter(s) to 0 load pin(s).
INFO: [Project 1-111] Unisim Transformation Summary:
No Unisim elements were transformed.

report_utilization -name utilization_1
report_utilization: Time (s): cpu = 00:00:02 ; elapsed = 00:00:01 . Memory (MB): peak = 1889.152 ; gain = 0.098
exit
INFO: [Common 17-206] Exiting Vivado at Wed May 14 23:26:24 2025...
